INFO    : PreTeXt-CLI version: 2.3.9

INFO    : PreTeXt project found in `/home/sk/Desktop/my_book/calPhysI/physI_ptx`.
WARNING : Using CLI version 2.3.9 but project's `requirements.txt`
WARNING : is configured to use 1.3.0. Consider either installing
WARNING : CLI version 1.3.0 or running `pretext init --refresh`
WARNING : to update `requirements.txt` to match 2.3.9.
INFO    : Preparing to build into /home/sk/Desktop/my_book/calPhysI/physI_ptx/output/web.
INFO    : discovering source file's directory name: /home/sk/Desktop/my_book/calPhysI/physI_ptx/source
INFO    : verifying and expanding input directory: /home/sk/Desktop/my_book/calPhysI/physI_ptx/source/../generated-assets
INFO    : input directory expanded to absolute path: /home/sk/Desktop/my_book/calPhysI/physI_ptx/generated-assets
INFO    : verifying and expanding input directory: /home/sk/Desktop/my_book/calPhysI/physI_ptx/source/../assets
INFO    : input directory expanded to absolute path: /home/sk/Desktop/my_book/calPhysI/physI_ptx/assets
INFO    : Runestone Services (via PreTeXt repository): version 7.2.9
INFO    : Runestone Services (using newer, via online CDN query): version 7.2.15
INFO    : converting /home/sk/Desktop/my_book/calPhysI/physI_ptx/source/main.ptx to HTML in /tmp/tmpy43rl5gh
INFO    : XSL conversion of /home/sk/Desktop/my_book/calPhysI/physI_ptx/source/main.ptx by /home/sk/.ptx/xsl/pretext-html.xsl
INFO    : comprehensive messages, warnings, and errors:
INFO    :     * PTX:DEPRECATE: (2023-08-08) a "website" element with "address" and "name" children has changed.  Continue to use the "website" element as before, but replace the "address" and "name" children with a single "url" element, which is more flexible and reliable.  We will try to honor your intent, but you may prefer your own adjustments. (1 time)
INFO    :     *              located within: "frontmatter" (xml:id)
INFO    :     * --------------
INFO    : successful application of /home/sk/.ptx/xsl/pretext-html.xsl
INFO    : 
Success! Run `pretext view` to see the results.

