INFO    : PreTeXt-CLI version: 2.7.1

INFO    : PreTeXt project found in `/home/sk/Desktop/my_book/calPhysI/physI_ptx`.
WARNING : Using CLI version 2.7.1 but project's `requirements.txt`
WARNING : is configured to use 2.4.0. Consider either installing
WARNING : CLI version 2.4.0 or running `pretext init --refresh`
WARNING : to update `requirements.txt` to match 2.7.1.
INFO    : Building target web
INFO    : Preparing to build into /home/sk/Desktop/my_book/calPhysI/physI_ptx/output/web.
INFO    : discovering source file's directory name: /home/sk/Desktop/my_book/calPhysI/physI_ptx/source
INFO    : verifying and expanding input directory: /home/sk/Desktop/my_book/calPhysI/physI_ptx/source/../generated-assets
INFO    : input directory expanded to absolute path: /home/sk/Desktop/my_book/calPhysI/physI_ptx/generated-assets
INFO    : verifying and expanding input directory: /home/sk/Desktop/my_book/calPhysI/physI_ptx/source/../assets
INFO    : input directory expanded to absolute path: /home/sk/Desktop/my_book/calPhysI/physI_ptx/assets
INFO    : Runestone Services (via PreTeXt repository): version 7.3.3
INFO    : Runestone Services (using newer, via online CDN query): version 7.9.13
INFO    : Downloading Runestone Services, version 7.9.13
INFO    : Extracting Runestone Services from archive file
INFO    : converting /home/sk/Desktop/my_book/calPhysI/physI_ptx/source/main.ptx to HTML in /tmp/ptx-rylzc3ho
INFO    : XSL conversion of /home/sk/Desktop/my_book/calPhysI/physI_ptx/source/main.ptx by /home/sk/.ptx/2.7.1/core/xsl/pretext-html.xsl
INFO    : successful application of /home/sk/.ptx/2.7.1/core/xsl/pretext-html.xsl
INFO    : Removing temporary directory /tmp/ptx-rylzc3ho
INFO    : 
Success! Run `pretext view` to see the results.

INFO    : 
